c:\users\chris\desktop\projects\mggameengine\visual studio\mggameengine\release\vc120.pdb
c:\users\chris\desktop\projects\mggameengine\visual studio\mggameengine\release\mgvisibilitymap.obj
c:\users\chris\desktop\projects\mggameengine\visual studio\mggameengine\release\mgvectorpoint.obj
c:\users\chris\desktop\projects\mggameengine\visual studio\mggameengine\release\mgstresstest.obj
c:\users\chris\desktop\projects\mggameengine\visual studio\mggameengine\release\mgraytracer.obj
c:\users\chris\desktop\projects\mggameengine\visual studio\mggameengine\release\mgrandommazegenerator.obj
c:\users\chris\desktop\projects\mggameengine\visual studio\mggameengine\release\mgpathsolutiongenerator.obj
c:\users\chris\desktop\projects\mggameengine\visual studio\mggameengine\release\mgmapobject.obj
c:\users\chris\desktop\projects\mggameengine\visual studio\mggameengine\release\mgmapelement.obj
c:\users\chris\desktop\projects\mggameengine\visual studio\mggameengine\release\mgmapdatahandler.obj
c:\users\chris\desktop\projects\mggameengine\visual studio\mggameengine\release\mglinesegment.obj
c:\users\chris\desktop\projects\mggameengine\visual studio\mggameengine\release\mgcollisiondetection.obj
c:\users\chris\desktop\projects\mggameengine\visual studio\mggameengine\release\consolemazegenerator.obj
c:\users\chris\desktop\projects\mggameengine\developmentconsole.exe
c:\users\chris\desktop\projects\mggameengine\developmentconsole.pdb
c:\users\chris\desktop\projects\mggameengine\visual studio\mggameengine\..\..\developmentconsole.exe
c:\users\chris\desktop\projects\mggameengine\visual studio\mggameengine\release\mggameengine.tlog\cl.command.1.tlog
c:\users\chris\desktop\projects\mggameengine\visual studio\mggameengine\release\mggameengine.tlog\cl.read.1.tlog
c:\users\chris\desktop\projects\mggameengine\visual studio\mggameengine\release\mggameengine.tlog\cl.write.1.tlog
c:\users\chris\desktop\projects\mggameengine\visual studio\mggameengine\release\mggameengine.tlog\link.command.1.tlog
c:\users\chris\desktop\projects\mggameengine\visual studio\mggameengine\release\mggameengine.tlog\link.read.1.tlog
c:\users\chris\desktop\projects\mggameengine\visual studio\mggameengine\release\mggameengine.tlog\link.write.1.tlog
